Analysis & Synthesis report for ELA
Fri May 13 21:31:41 2022
Quartus II 64-Bit Version 13.0.1 Build 232 06/12/2013 Service Pack 1 SJ Web Edition


---------------------
; Table of Contents ;
---------------------
  1. Legal Notice
  2. Analysis & Synthesis Summary
  3. Analysis & Synthesis Settings
  4. Parallel Compilation
  5. Analysis & Synthesis Source Files Read
  6. Analysis & Synthesis Resource Usage Summary
  7. Analysis & Synthesis Resource Utilization by Entity
  8. State Machine - |ELA|curt_state
  9. State Machine - |ELA|read_state_index
 10. Registers Removed During Synthesis
 11. General Register Statistics
 12. Inverted Register Statistics
 13. Multiplexer Restructuring Statistics (Restructuring Performed)
 14. Parameter Settings for User Entity Instance: Top-level Entity: |ELA
 15. Elapsed Time Per Partition
 16. Analysis & Synthesis Messages



----------------
; Legal Notice ;
----------------
Copyright (C) 1991-2013 Altera Corporation
Your use of Altera Corporation's design tools, logic functions 
and other software and tools, and its AMPP partner logic 
functions, and any output files from any of the foregoing 
(including device programming or simulation files), and any 
associated documentation or information are expressly subject 
to the terms and conditions of the Altera Program License 
Subscription Agreement, Altera MegaCore Function License 
Agreement, or other applicable license agreement, including, 
without limitation, that your use is for the sole purpose of 
programming logic devices manufactured by Altera and sold by 
Altera or its authorized distributors.  Please refer to the 
applicable agreement for further details.



+--------------------------------------------------------------------------------------+
; Analysis & Synthesis Summary                                                         ;
+------------------------------------+-------------------------------------------------+
; Analysis & Synthesis Status        ; Successful - Fri May 13 21:31:41 2022           ;
; Quartus II 64-Bit Version          ; 13.0.1 Build 232 06/12/2013 SP 1 SJ Web Edition ;
; Revision Name                      ; ELA                                             ;
; Top-level Entity Name              ; ELA                                             ;
; Family                             ; Cyclone II                                      ;
; Total logic elements               ; 2,817                                           ;
;     Total combinational functions  ; 2,143                                           ;
;     Dedicated logic registers      ; 821                                             ;
; Total registers                    ; 821                                             ;
; Total pins                         ; 39                                              ;
; Total virtual pins                 ; 0                                               ;
; Total memory bits                  ; 0                                               ;
; Embedded Multiplier 9-bit elements ; 0                                               ;
; Total PLLs                         ; 0                                               ;
+------------------------------------+-------------------------------------------------+


+----------------------------------------------------------------------------------------------------------------------+
; Analysis & Synthesis Settings                                                                                        ;
+----------------------------------------------------------------------------+--------------------+--------------------+
; Option                                                                     ; Setting            ; Default Value      ;
+----------------------------------------------------------------------------+--------------------+--------------------+
; Device                                                                     ; EP2C70F896C8       ;                    ;
; Top-level entity name                                                      ; ELA                ; ELA                ;
; Family name                                                                ; Cyclone II         ; Cyclone IV GX      ;
; Use smart compilation                                                      ; Off                ; Off                ;
; Enable parallel Assembler and TimeQuest Timing Analyzer during compilation ; On                 ; On                 ;
; Enable compact report table                                                ; Off                ; Off                ;
; Restructure Multiplexers                                                   ; Auto               ; Auto               ;
; Create Debugging Nodes for IP Cores                                        ; Off                ; Off                ;
; Preserve fewer node names                                                  ; On                 ; On                 ;
; Disable OpenCore Plus hardware evaluation                                  ; Off                ; Off                ;
; Verilog Version                                                            ; Verilog_2001       ; Verilog_2001       ;
; VHDL Version                                                               ; VHDL_1993          ; VHDL_1993          ;
; State Machine Processing                                                   ; Auto               ; Auto               ;
; Safe State Machine                                                         ; Off                ; Off                ;
; Extract Verilog State Machines                                             ; On                 ; On                 ;
; Extract VHDL State Machines                                                ; On                 ; On                 ;
; Ignore Verilog initial constructs                                          ; Off                ; Off                ;
; Iteration limit for constant Verilog loops                                 ; 5000               ; 5000               ;
; Iteration limit for non-constant Verilog loops                             ; 250                ; 250                ;
; Add Pass-Through Logic to Inferred RAMs                                    ; On                 ; On                 ;
; Infer RAMs from Raw Logic                                                  ; On                 ; On                 ;
; Parallel Synthesis                                                         ; On                 ; On                 ;
; DSP Block Balancing                                                        ; Auto               ; Auto               ;
; NOT Gate Push-Back                                                         ; On                 ; On                 ;
; Power-Up Don't Care                                                        ; On                 ; On                 ;
; Remove Redundant Logic Cells                                               ; Off                ; Off                ;
; Remove Duplicate Registers                                                 ; On                 ; On                 ;
; Ignore CARRY Buffers                                                       ; Off                ; Off                ;
; Ignore CASCADE Buffers                                                     ; Off                ; Off                ;
; Ignore GLOBAL Buffers                                                      ; Off                ; Off                ;
; Ignore ROW GLOBAL Buffers                                                  ; Off                ; Off                ;
; Ignore LCELL Buffers                                                       ; Off                ; Off                ;
; Ignore SOFT Buffers                                                        ; On                 ; On                 ;
; Limit AHDL Integers to 32 Bits                                             ; Off                ; Off                ;
; Optimization Technique                                                     ; Balanced           ; Balanced           ;
; Carry Chain Length                                                         ; 70                 ; 70                 ;
; Auto Carry Chains                                                          ; On                 ; On                 ;
; Auto Open-Drain Pins                                                       ; On                 ; On                 ;
; Perform WYSIWYG Primitive Resynthesis                                      ; Off                ; Off                ;
; Auto ROM Replacement                                                       ; On                 ; On                 ;
; Auto RAM Replacement                                                       ; On                 ; On                 ;
; Auto Shift Register Replacement                                            ; Auto               ; Auto               ;
; Allow Shift Register Merging across Hierarchies                            ; Auto               ; Auto               ;
; Auto Clock Enable Replacement                                              ; On                 ; On                 ;
; Strict RAM Replacement                                                     ; Off                ; Off                ;
; Allow Synchronous Control Signals                                          ; On                 ; On                 ;
; Force Use of Synchronous Clear Signals                                     ; Off                ; Off                ;
; Auto RAM to Logic Cell Conversion                                          ; Off                ; Off                ;
; Auto Resource Sharing                                                      ; Off                ; Off                ;
; Allow Any RAM Size For Recognition                                         ; Off                ; Off                ;
; Allow Any ROM Size For Recognition                                         ; Off                ; Off                ;
; Allow Any Shift Register Size For Recognition                              ; Off                ; Off                ;
; Use LogicLock Constraints during Resource Balancing                        ; On                 ; On                 ;
; Ignore translate_off and synthesis_off directives                          ; Off                ; Off                ;
; Timing-Driven Synthesis                                                    ; Off                ; Off                ;
; Report Parameter Settings                                                  ; On                 ; On                 ;
; Report Source Assignments                                                  ; On                 ; On                 ;
; Report Connectivity Checks                                                 ; On                 ; On                 ;
; Ignore Maximum Fan-Out Assignments                                         ; Off                ; Off                ;
; Synchronization Register Chain Length                                      ; 2                  ; 2                  ;
; PowerPlay Power Optimization                                               ; Normal compilation ; Normal compilation ;
; HDL message level                                                          ; Level2             ; Level2             ;
; Suppress Register Optimization Related Messages                            ; Off                ; Off                ;
; Number of Removed Registers Reported in Synthesis Report                   ; 5000               ; 5000               ;
; Number of Swept Nodes Reported in Synthesis Report                         ; 5000               ; 5000               ;
; Number of Inverted Registers Reported in Synthesis Report                  ; 100                ; 100                ;
; Clock MUX Protection                                                       ; On                 ; On                 ;
; Auto Gated Clock Conversion                                                ; Off                ; Off                ;
; Block Design Naming                                                        ; Auto               ; Auto               ;
; SDC constraint protection                                                  ; Off                ; Off                ;
; Synthesis Effort                                                           ; Auto               ; Auto               ;
; Shift Register Replacement - Allow Asynchronous Clear Signal               ; On                 ; On                 ;
; Pre-Mapping Resynthesis Optimization                                       ; Off                ; Off                ;
; Analysis & Synthesis Message Level                                         ; Medium             ; Medium             ;
; Disable Register Merging Across Hierarchies                                ; Auto               ; Auto               ;
; Resource Aware Inference For Block RAM                                     ; On                 ; On                 ;
; Synthesis Seed                                                             ; 1                  ; 1                  ;
+----------------------------------------------------------------------------+--------------------+--------------------+


Parallel compilation was disabled, but you have multiple processors available. Enable parallel compilation to reduce compilation time.
+-------------------------------------+
; Parallel Compilation                ;
+----------------------------+--------+
; Processors                 ; Number ;
+----------------------------+--------+
; Number detected on machine ; 16     ;
; Maximum allowed            ; 1      ;
+----------------------------+--------+


+--------------------------------------------------------------------------------------------------------------------------------------------------------------------------+
; Analysis & Synthesis Source Files Read                                                                                                                                   ;
+----------------------------------+-----------------+------------------------+----------------------------------------------------------------------------------+---------+
; File Name with User-Entered Path ; Used in Netlist ; File Type              ; File Name with Absolute Path                                                     ; Library ;
+----------------------------------+-----------------+------------------------+----------------------------------------------------------------------------------+---------+
; ELA.v                            ; yes             ; User Verilog HDL File  ; D:/Downloads/graduate school/Course/first_grade_down/IC/Labs/Lab4/HW4/file/ELA.v ;         ;
+----------------------------------+-----------------+------------------------+----------------------------------------------------------------------------------+---------+


+-----------------------------------------------------+
; Analysis & Synthesis Resource Usage Summary         ;
+---------------------------------------------+-------+
; Resource                                    ; Usage ;
+---------------------------------------------+-------+
; Estimated Total logic elements              ; 2,817 ;
;                                             ;       ;
; Total combinational functions               ; 2143  ;
; Logic element usage by number of LUT inputs ;       ;
;     -- 4 input functions                    ; 1533  ;
;     -- 3 input functions                    ; 527   ;
;     -- <=2 input functions                  ; 83    ;
;                                             ;       ;
; Logic elements by mode                      ;       ;
;     -- normal mode                          ; 1961  ;
;     -- arithmetic mode                      ; 182   ;
;                                             ;       ;
; Total registers                             ; 821   ;
;     -- Dedicated logic registers            ; 821   ;
;     -- I/O registers                        ; 0     ;
;                                             ;       ;
; I/O pins                                    ; 39    ;
; Embedded Multiplier 9-bit elements          ; 0     ;
; Maximum fan-out node                        ; clk   ;
; Maximum fan-out                             ; 821   ;
; Total fan-out                               ; 11070 ;
; Average fan-out                             ; 3.69  ;
+---------------------------------------------+-------+


+-----------------------------------------------------------------------------------------------------------------------------------------------------------------------------+
; Analysis & Synthesis Resource Utilization by Entity                                                                                                                         ;
+----------------------------+-------------------+--------------+-------------+--------------+---------+-----------+------+--------------+---------------------+--------------+
; Compilation Hierarchy Node ; LC Combinationals ; LC Registers ; Memory Bits ; DSP Elements ; DSP 9x9 ; DSP 18x18 ; Pins ; Virtual Pins ; Full Hierarchy Name ; Library Name ;
+----------------------------+-------------------+--------------+-------------+--------------+---------+-----------+------+--------------+---------------------+--------------+
; |ELA                       ; 2143 (2143)       ; 821 (821)    ; 0           ; 0            ; 0       ; 0         ; 39   ; 0            ; |ELA                ; work         ;
+----------------------------+-------------------+--------------+-------------+--------------+---------+-----------+------+--------------+---------------------+--------------+
Note: For table entries with two numbers listed, the numbers in parentheses indicate the number of resources of the given type used by the specific entity alone. The numbers listed outside of parentheses indicate the total resources of the given type used by the specific entity and all of its sub-entities in the hierarchy.


Encoding Type:  One-Hot
+-------------------------------------------------------------------------------------------------------------------+
; State Machine - |ELA|curt_state                                                                                   ;
+-----------------------+----------------------+-----------------------+---------------------+----------------------+
; Name                  ; curt_state.finishing ; curt_state.write_data ; curt_state.caculate ; curt_state.read_data ;
+-----------------------+----------------------+-----------------------+---------------------+----------------------+
; curt_state.read_data  ; 0                    ; 0                     ; 0                   ; 0                    ;
; curt_state.caculate   ; 0                    ; 0                     ; 1                   ; 1                    ;
; curt_state.write_data ; 0                    ; 1                     ; 0                   ; 1                    ;
; curt_state.finishing  ; 1                    ; 0                     ; 0                   ; 1                    ;
+-----------------------+----------------------+-----------------------+---------------------+----------------------+


Encoding Type:  One-Hot
+---------------------------------------------------------------------------------------+
; State Machine - |ELA|read_state_index                                                 ;
+---------------------+---------------------+---------------------+---------------------+
; Name                ; read_state_index.00 ; read_state_index.10 ; read_state_index.01 ;
+---------------------+---------------------+---------------------+---------------------+
; read_state_index.00 ; 0                   ; 0                   ; 0                   ;
; read_state_index.01 ; 1                   ; 0                   ; 1                   ;
; read_state_index.10 ; 1                   ; 1                   ; 0                   ;
+---------------------+---------------------+---------------------+---------------------+


+--------------------------------------------------------------------------------+
; Registers Removed During Synthesis                                             ;
+---------------------------------------+----------------------------------------+
; Register name                         ; Reason for Removal                     ;
+---------------------------------------+----------------------------------------+
; curt_state~4                          ; Lost fanout                            ;
; curt_state~5                          ; Lost fanout                            ;
; curt_state.finishing                  ; Stuck at GND due to stuck port data_in ;
; Total Number of Removed Registers = 3 ;                                        ;
+---------------------------------------+----------------------------------------+


+------------------------------------------------------+
; General Register Statistics                          ;
+----------------------------------------------+-------+
; Statistic                                    ; Value ;
+----------------------------------------------+-------+
; Total registers                              ; 821   ;
; Number of registers using Synchronous Clear  ; 7     ;
; Number of registers using Synchronous Load   ; 0     ;
; Number of registers using Asynchronous Clear ; 821   ;
; Number of registers using Asynchronous Load  ; 0     ;
; Number of registers using Clock Enable       ; 714   ;
; Number of registers using Preset             ; 0     ;
+----------------------------------------------+-------+


+--------------------------------------------------+
; Inverted Register Statistics                     ;
+----------------------------------------+---------+
; Inverted Register                      ; Fan out ;
+----------------------------------------+---------+
; first_time                             ; 8       ;
; Total number of inverted registers = 1 ;         ;
+----------------------------------------+---------+


+------------------------------------------------------------------------------------------------------------------------------------------+
; Multiplexer Restructuring Statistics (Restructuring Performed)                                                                           ;
+--------------------+-----------+---------------+----------------------+------------------------+------------+----------------------------+
; Multiplexer Inputs ; Bus Width ; Baseline Area ; Area if Restructured ; Saving if Restructured ; Registered ; Example Multiplexer Output ;
+--------------------+-----------+---------------+----------------------+------------------------+------------+----------------------------+
; 6:1                ; 7 bits    ; 28 LEs        ; 0 LEs                ; 28 LEs                 ; Yes        ; |ELA|cal[6]                ;
; 6:1                ; 7 bits    ; 28 LEs        ; 0 LEs                ; 28 LEs                 ; Yes        ; |ELA|cal[14]               ;
; 6:1                ; 7 bits    ; 28 LEs        ; 0 LEs                ; 28 LEs                 ; Yes        ; |ELA|cal[18]               ;
; 6:1                ; 7 bits    ; 28 LEs        ; 0 LEs                ; 28 LEs                 ; Yes        ; |ELA|cal[30]               ;
; 6:1                ; 7 bits    ; 28 LEs        ; 0 LEs                ; 28 LEs                 ; Yes        ; |ELA|cal[37]               ;
; 6:1                ; 7 bits    ; 28 LEs        ; 0 LEs                ; 28 LEs                 ; Yes        ; |ELA|cal[43]               ;
; 6:1                ; 7 bits    ; 28 LEs        ; 0 LEs                ; 28 LEs                 ; Yes        ; |ELA|cal[51]               ;
; 6:1                ; 7 bits    ; 28 LEs        ; 0 LEs                ; 28 LEs                 ; Yes        ; |ELA|cal[59]               ;
; 6:1                ; 7 bits    ; 28 LEs        ; 0 LEs                ; 28 LEs                 ; Yes        ; |ELA|cal[68]               ;
; 6:1                ; 7 bits    ; 28 LEs        ; 0 LEs                ; 28 LEs                 ; Yes        ; |ELA|cal[77]               ;
; 6:1                ; 7 bits    ; 28 LEs        ; 0 LEs                ; 28 LEs                 ; Yes        ; |ELA|cal[80]               ;
; 6:1                ; 7 bits    ; 28 LEs        ; 0 LEs                ; 28 LEs                 ; Yes        ; |ELA|cal[89]               ;
; 6:1                ; 7 bits    ; 28 LEs        ; 0 LEs                ; 28 LEs                 ; Yes        ; |ELA|cal[102]              ;
; 6:1                ; 7 bits    ; 28 LEs        ; 0 LEs                ; 28 LEs                 ; Yes        ; |ELA|cal[110]              ;
; 6:1                ; 7 bits    ; 28 LEs        ; 0 LEs                ; 28 LEs                 ; Yes        ; |ELA|cal[112]              ;
; 6:1                ; 7 bits    ; 28 LEs        ; 0 LEs                ; 28 LEs                 ; Yes        ; |ELA|cal[121]              ;
; 6:1                ; 7 bits    ; 28 LEs        ; 0 LEs                ; 28 LEs                 ; Yes        ; |ELA|cal[131]              ;
; 6:1                ; 7 bits    ; 28 LEs        ; 0 LEs                ; 28 LEs                 ; Yes        ; |ELA|cal[137]              ;
; 6:1                ; 7 bits    ; 28 LEs        ; 0 LEs                ; 28 LEs                 ; Yes        ; |ELA|cal[150]              ;
; 6:1                ; 7 bits    ; 28 LEs        ; 0 LEs                ; 28 LEs                 ; Yes        ; |ELA|cal[152]              ;
; 6:1                ; 7 bits    ; 28 LEs        ; 0 LEs                ; 28 LEs                 ; Yes        ; |ELA|cal[164]              ;
; 6:1                ; 7 bits    ; 28 LEs        ; 0 LEs                ; 28 LEs                 ; Yes        ; |ELA|cal[173]              ;
; 6:1                ; 7 bits    ; 28 LEs        ; 0 LEs                ; 28 LEs                 ; Yes        ; |ELA|cal[180]              ;
; 6:1                ; 7 bits    ; 28 LEs        ; 0 LEs                ; 28 LEs                 ; Yes        ; |ELA|cal[185]              ;
; 6:1                ; 7 bits    ; 28 LEs        ; 0 LEs                ; 28 LEs                 ; Yes        ; |ELA|cal[196]              ;
; 6:1                ; 7 bits    ; 28 LEs        ; 0 LEs                ; 28 LEs                 ; Yes        ; |ELA|cal[201]              ;
; 6:1                ; 7 bits    ; 28 LEs        ; 0 LEs                ; 28 LEs                 ; Yes        ; |ELA|cal[212]              ;
; 6:1                ; 7 bits    ; 28 LEs        ; 0 LEs                ; 28 LEs                 ; Yes        ; |ELA|cal[221]              ;
; 6:1                ; 7 bits    ; 28 LEs        ; 0 LEs                ; 28 LEs                 ; Yes        ; |ELA|cal[226]              ;
; 6:1                ; 7 bits    ; 28 LEs        ; 0 LEs                ; 28 LEs                 ; Yes        ; |ELA|cal[238]              ;
; 6:1                ; 7 bits    ; 28 LEs        ; 0 LEs                ; 28 LEs                 ; Yes        ; |ELA|cal[245]              ;
; 6:1                ; 8 bits    ; 32 LEs        ; 0 LEs                ; 32 LEs                 ; Yes        ; |ELA|cal[248]              ;
; 8:1                ; 7 bits    ; 35 LEs        ; 0 LEs                ; 35 LEs                 ; Yes        ; |ELA|tmp[254]              ;
; 8:1                ; 8 bits    ; 40 LEs        ; 0 LEs                ; 40 LEs                 ; Yes        ; |ELA|tmp[506]              ;
; 8:1                ; 7 bits    ; 35 LEs        ; 0 LEs                ; 35 LEs                 ; Yes        ; |ELA|tmp[377]              ;
; 8:1                ; 7 bits    ; 35 LEs        ; 0 LEs                ; 35 LEs                 ; Yes        ; |ELA|tmp[126]              ;
; 8:1                ; 7 bits    ; 35 LEs        ; 0 LEs                ; 35 LEs                 ; Yes        ; |ELA|tmp[317]              ;
; 8:1                ; 7 bits    ; 35 LEs        ; 0 LEs                ; 35 LEs                 ; Yes        ; |ELA|tmp[62]               ;
; 8:1                ; 7 bits    ; 35 LEs        ; 0 LEs                ; 35 LEs                 ; Yes        ; |ELA|tmp[444]              ;
; 8:1                ; 7 bits    ; 35 LEs        ; 0 LEs                ; 35 LEs                 ; Yes        ; |ELA|tmp[190]              ;
; 8:1                ; 7 bits    ; 35 LEs        ; 0 LEs                ; 35 LEs                 ; Yes        ; |ELA|tmp[285]              ;
; 8:1                ; 7 bits    ; 35 LEs        ; 0 LEs                ; 35 LEs                 ; Yes        ; |ELA|tmp[26]               ;
; 8:1                ; 7 bits    ; 35 LEs        ; 0 LEs                ; 35 LEs                 ; Yes        ; |ELA|tmp[412]              ;
; 8:1                ; 7 bits    ; 35 LEs        ; 0 LEs                ; 35 LEs                 ; Yes        ; |ELA|tmp[152]              ;
; 8:1                ; 7 bits    ; 35 LEs        ; 0 LEs                ; 35 LEs                 ; Yes        ; |ELA|tmp[344]              ;
; 8:1                ; 7 bits    ; 35 LEs        ; 0 LEs                ; 35 LEs                 ; Yes        ; |ELA|tmp[94]               ;
; 8:1                ; 7 bits    ; 35 LEs        ; 0 LEs                ; 35 LEs                 ; Yes        ; |ELA|tmp[473]              ;
; 8:1                ; 7 bits    ; 35 LEs        ; 0 LEs                ; 35 LEs                 ; Yes        ; |ELA|tmp[221]              ;
; 8:1                ; 7 bits    ; 35 LEs        ; 0 LEs                ; 35 LEs                 ; Yes        ; |ELA|tmp[267]              ;
; 8:1                ; 7 bits    ; 35 LEs        ; 0 LEs                ; 35 LEs                 ; Yes        ; |ELA|tmp[12]               ;
; 8:1                ; 7 bits    ; 35 LEs        ; 0 LEs                ; 35 LEs                 ; Yes        ; |ELA|tmp[398]              ;
; 8:1                ; 7 bits    ; 35 LEs        ; 0 LEs                ; 35 LEs                 ; Yes        ; |ELA|tmp[139]              ;
; 8:1                ; 7 bits    ; 35 LEs        ; 0 LEs                ; 35 LEs                 ; Yes        ; |ELA|tmp[331]              ;
; 8:1                ; 7 bits    ; 35 LEs        ; 0 LEs                ; 35 LEs                 ; Yes        ; |ELA|tmp[75]               ;
; 8:1                ; 7 bits    ; 35 LEs        ; 0 LEs                ; 35 LEs                 ; Yes        ; |ELA|tmp[461]              ;
; 8:1                ; 7 bits    ; 35 LEs        ; 0 LEs                ; 35 LEs                 ; Yes        ; |ELA|tmp[201]              ;
; 8:1                ; 7 bits    ; 35 LEs        ; 0 LEs                ; 35 LEs                 ; Yes        ; |ELA|tmp[298]              ;
; 8:1                ; 7 bits    ; 35 LEs        ; 0 LEs                ; 35 LEs                 ; Yes        ; |ELA|tmp[44]               ;
; 8:1                ; 7 bits    ; 35 LEs        ; 0 LEs                ; 35 LEs                 ; Yes        ; |ELA|tmp[426]              ;
; 8:1                ; 7 bits    ; 35 LEs        ; 0 LEs                ; 35 LEs                 ; Yes        ; |ELA|tmp[170]              ;
; 8:1                ; 7 bits    ; 35 LEs        ; 0 LEs                ; 35 LEs                 ; Yes        ; |ELA|tmp[362]              ;
; 8:1                ; 7 bits    ; 35 LEs        ; 0 LEs                ; 35 LEs                 ; Yes        ; |ELA|tmp[106]              ;
; 8:1                ; 7 bits    ; 35 LEs        ; 0 LEs                ; 35 LEs                 ; Yes        ; |ELA|tmp[490]              ;
; 8:1                ; 7 bits    ; 35 LEs        ; 0 LEs                ; 35 LEs                 ; Yes        ; |ELA|tmp[235]              ;
; 8:1                ; 7 bits    ; 35 LEs        ; 0 LEs                ; 35 LEs                 ; Yes        ; |ELA|tmp[257]              ;
; 8:1                ; 7 bits    ; 35 LEs        ; 0 LEs                ; 35 LEs                 ; Yes        ; |ELA|tmp[6]                ;
; 8:1                ; 7 bits    ; 35 LEs        ; 0 LEs                ; 35 LEs                 ; Yes        ; |ELA|tmp[386]              ;
; 8:1                ; 7 bits    ; 35 LEs        ; 0 LEs                ; 35 LEs                 ; Yes        ; |ELA|tmp[129]              ;
; 8:1                ; 7 bits    ; 35 LEs        ; 0 LEs                ; 35 LEs                 ; Yes        ; |ELA|tmp[323]              ;
; 8:1                ; 7 bits    ; 35 LEs        ; 0 LEs                ; 35 LEs                 ; Yes        ; |ELA|tmp[64]               ;
; 8:1                ; 7 bits    ; 35 LEs        ; 0 LEs                ; 35 LEs                 ; Yes        ; |ELA|tmp[454]              ;
; 8:1                ; 7 bits    ; 35 LEs        ; 0 LEs                ; 35 LEs                 ; Yes        ; |ELA|tmp[193]              ;
; 8:1                ; 7 bits    ; 35 LEs        ; 0 LEs                ; 35 LEs                 ; Yes        ; |ELA|tmp[290]              ;
; 8:1                ; 7 bits    ; 35 LEs        ; 0 LEs                ; 35 LEs                 ; Yes        ; |ELA|tmp[33]               ;
; 8:1                ; 7 bits    ; 35 LEs        ; 0 LEs                ; 35 LEs                 ; Yes        ; |ELA|tmp[417]              ;
; 8:1                ; 7 bits    ; 35 LEs        ; 0 LEs                ; 35 LEs                 ; Yes        ; |ELA|tmp[166]              ;
; 8:1                ; 7 bits    ; 35 LEs        ; 0 LEs                ; 35 LEs                 ; Yes        ; |ELA|tmp[353]              ;
; 8:1                ; 7 bits    ; 35 LEs        ; 0 LEs                ; 35 LEs                 ; Yes        ; |ELA|tmp[102]              ;
; 8:1                ; 7 bits    ; 35 LEs        ; 0 LEs                ; 35 LEs                 ; Yes        ; |ELA|tmp[483]              ;
; 8:1                ; 7 bits    ; 35 LEs        ; 0 LEs                ; 35 LEs                 ; Yes        ; |ELA|tmp[227]              ;
; 8:1                ; 7 bits    ; 35 LEs        ; 0 LEs                ; 35 LEs                 ; Yes        ; |ELA|tmp[274]              ;
; 8:1                ; 7 bits    ; 35 LEs        ; 0 LEs                ; 35 LEs                 ; Yes        ; |ELA|tmp[20]               ;
; 8:1                ; 7 bits    ; 35 LEs        ; 0 LEs                ; 35 LEs                 ; Yes        ; |ELA|tmp[401]              ;
; 8:1                ; 7 bits    ; 35 LEs        ; 0 LEs                ; 35 LEs                 ; Yes        ; |ELA|tmp[144]              ;
; 8:1                ; 7 bits    ; 35 LEs        ; 0 LEs                ; 35 LEs                 ; Yes        ; |ELA|tmp[339]              ;
; 8:1                ; 7 bits    ; 35 LEs        ; 0 LEs                ; 35 LEs                 ; Yes        ; |ELA|tmp[83]               ;
; 8:1                ; 7 bits    ; 35 LEs        ; 0 LEs                ; 35 LEs                 ; Yes        ; |ELA|tmp[469]              ;
; 8:1                ; 7 bits    ; 35 LEs        ; 0 LEs                ; 35 LEs                 ; Yes        ; |ELA|tmp[209]              ;
; 8:1                ; 7 bits    ; 35 LEs        ; 0 LEs                ; 35 LEs                 ; Yes        ; |ELA|tmp[307]              ;
; 8:1                ; 7 bits    ; 35 LEs        ; 0 LEs                ; 35 LEs                 ; Yes        ; |ELA|tmp[54]               ;
; 8:1                ; 7 bits    ; 35 LEs        ; 0 LEs                ; 35 LEs                 ; Yes        ; |ELA|tmp[437]              ;
; 8:1                ; 7 bits    ; 35 LEs        ; 0 LEs                ; 35 LEs                 ; Yes        ; |ELA|tmp[178]              ;
; 8:1                ; 7 bits    ; 35 LEs        ; 0 LEs                ; 35 LEs                 ; Yes        ; |ELA|tmp[372]              ;
; 8:1                ; 7 bits    ; 35 LEs        ; 0 LEs                ; 35 LEs                 ; Yes        ; |ELA|tmp[116]              ;
; 8:1                ; 7 bits    ; 35 LEs        ; 0 LEs                ; 35 LEs                 ; Yes        ; |ELA|tmp[501]              ;
; 8:1                ; 7 bits    ; 35 LEs        ; 0 LEs                ; 35 LEs                 ; Yes        ; |ELA|tmp[243]              ;
; 11:1               ; 8 bits    ; 56 LEs        ; 24 LEs               ; 32 LEs                 ; Yes        ; |ELA|cal_val[0]            ;
; 11:1               ; 10 bits   ; 70 LEs        ; 20 LEs               ; 50 LEs                 ; Yes        ; |ELA|addr[1]~reg0          ;
; 12:1               ; 6 bits    ; 48 LEs        ; 6 LEs                ; 42 LEs                 ; Yes        ; |ELA|index[5]              ;
; 40:1               ; 8 bits    ; 208 LEs       ; 176 LEs              ; 32 LEs                 ; Yes        ; |ELA|data_wr[3]~reg0       ;
; 17:1               ; 2 bits    ; 22 LEs        ; 0 LEs                ; 22 LEs                 ; Yes        ; |ELA|round[1]              ;
; 32:1               ; 8 bits    ; 168 LEs       ; 168 LEs              ; 0 LEs                  ; No         ; |ELA|Mux45                 ;
; 64:1               ; 8 bits    ; 336 LEs       ; 336 LEs              ; 0 LEs                  ; No         ; |ELA|Mux28                 ;
; 16:1               ; 16 bits   ; 160 LEs       ; 160 LEs              ; 0 LEs                  ; No         ; |ELA|Mux21                 ;
; 32:1               ; 16 bits   ; 336 LEs       ; 336 LEs              ; 0 LEs                  ; No         ; |ELA|Mux63                 ;
+--------------------+-----------+---------------+----------------------+------------------------+------------+----------------------------+


+---------------------------------------------------------------------+
; Parameter Settings for User Entity Instance: Top-level Entity: |ELA ;
+----------------+-------+--------------------------------------------+
; Parameter Name ; Value ; Type                                       ;
+----------------+-------+--------------------------------------------+
; read_data      ; 00    ; Unsigned Binary                            ;
; caculate       ; 01    ; Unsigned Binary                            ;
; write_data     ; 10    ; Unsigned Binary                            ;
; finishing      ; 11    ; Unsigned Binary                            ;
+----------------+-------+--------------------------------------------+
Note: In order to hide this table in the UI and the text report file, please set the "Show Parameter Settings in Synthesis Report" option in "Analysis and Synthesis Settings -> More Settings" to "Off".


+-------------------------------+
; Elapsed Time Per Partition    ;
+----------------+--------------+
; Partition Name ; Elapsed Time ;
+----------------+--------------+
; Top            ; 00:00:02     ;
+----------------+--------------+


+-------------------------------+
; Analysis & Synthesis Messages ;
+-------------------------------+
Info: *******************************************************************
Info: Running Quartus II 64-Bit Analysis & Synthesis
    Info: Version 13.0.1 Build 232 06/12/2013 Service Pack 1 SJ Web Edition
    Info: Processing started: Fri May 13 21:31:36 2022
Info: Command: quartus_map --read_settings_files=on --write_settings_files=off ELA -c ELA
Warning (20028): Parallel compilation is not licensed and has been disabled
Info (12021): Found 1 design units, including 1 entities, in source file ela.v
    Info (12023): Found entity 1: ELA
Info (12127): Elaborating entity "ELA" for the top level hierarchy
Warning (10230): Verilog HDL assignment warning at ELA.v(36): truncated value with size 32 to match size of target (16)
Warning (10270): Verilog HDL Case Statement warning at ELA.v(44): incomplete case statement has no default case item
Info (10264): Verilog HDL Case Statement information at ELA.v(44): all case item expressions in this case statement are onehot
Warning (10240): Verilog HDL Always Construct warning at ELA.v(44): inferring latch(es) for variable "next_state", which holds its previous value in one or more paths through the always construct
Warning (10230): Verilog HDL assignment warning at ELA.v(80): truncated value with size 32 to match size of target (6)
Warning (10230): Verilog HDL assignment warning at ELA.v(88): truncated value with size 32 to match size of target (6)
Warning (10230): Verilog HDL assignment warning at ELA.v(99): truncated value with size 32 to match size of target (6)
Warning (10230): Verilog HDL assignment warning at ELA.v(105): truncated value with size 32 to match size of target (2)
Warning (10230): Verilog HDL assignment warning at ELA.v(111): truncated value with size 32 to match size of target (6)
Warning (10230): Verilog HDL assignment warning at ELA.v(117): truncated value with size 32 to match size of target (2)
Warning (10230): Verilog HDL assignment warning at ELA.v(127): truncated value with size 32 to match size of target (6)
Warning (10230): Verilog HDL assignment warning at ELA.v(131): truncated value with size 32 to match size of target (6)
Warning (10230): Verilog HDL assignment warning at ELA.v(136): truncated value with size 32 to match size of target (2)
Warning (10230): Verilog HDL assignment warning at ELA.v(138): truncated value with size 16 to match size of target (8)
Warning (10230): Verilog HDL assignment warning at ELA.v(141): truncated value with size 32 to match size of target (6)
Warning (10230): Verilog HDL assignment warning at ELA.v(142): truncated value with size 16 to match size of target (8)
Warning (10230): Verilog HDL assignment warning at ELA.v(153): truncated value with size 32 to match size of target (6)
Warning (10230): Verilog HDL assignment warning at ELA.v(158): truncated value with size 32 to match size of target (6)
Warning (10230): Verilog HDL assignment warning at ELA.v(159): truncated value with size 32 to match size of target (10)
Warning (10230): Verilog HDL assignment warning at ELA.v(166): truncated value with size 32 to match size of target (2)
Warning (10230): Verilog HDL assignment warning at ELA.v(167): truncated value with size 32 to match size of target (10)
Warning (10230): Verilog HDL assignment warning at ELA.v(168): truncated value with size 32 to match size of target (6)
Warning (10230): Verilog HDL assignment warning at ELA.v(179): truncated value with size 32 to match size of target (6)
Warning (10230): Verilog HDL assignment warning at ELA.v(184): truncated value with size 32 to match size of target (6)
Warning (10230): Verilog HDL assignment warning at ELA.v(185): truncated value with size 32 to match size of target (10)
Warning (10230): Verilog HDL assignment warning at ELA.v(192): truncated value with size 32 to match size of target (2)
Warning (10230): Verilog HDL assignment warning at ELA.v(193): truncated value with size 32 to match size of target (10)
Warning (10230): Verilog HDL assignment warning at ELA.v(199): truncated value with size 32 to match size of target (6)
Warning (10230): Verilog HDL assignment warning at ELA.v(204): truncated value with size 32 to match size of target (6)
Warning (10230): Verilog HDL assignment warning at ELA.v(205): truncated value with size 32 to match size of target (10)
Warning (10230): Verilog HDL assignment warning at ELA.v(213): truncated value with size 32 to match size of target (2)
Warning (10230): Verilog HDL assignment warning at ELA.v(214): truncated value with size 32 to match size of target (10)
Warning (10230): Verilog HDL assignment warning at ELA.v(218): truncated value with size 32 to match size of target (10)
Info (10264): Verilog HDL Case Statement information at ELA.v(176): all case item expressions in this case statement are onehot
Info (10041): Inferred latch for "next_state.10" at ELA.v(44)
Info (10041): Inferred latch for "next_state.01" at ELA.v(44)
Info (10041): Inferred latch for "next_state.00" at ELA.v(44)
Warning (14026): LATCH primitive "next_state.00_39899" is permanently enabled
Warning (14026): LATCH primitive "next_state.01_39891" is permanently enabled
Warning (14026): LATCH primitive "next_state.10_39883" is permanently enabled
Info (13000): Registers with preset signals will power-up high
Info (13003): DEV_CLRn pin will set, and not reset, register with preset signal due to NOT Gate Push-Back
Info (17049): 2 registers lost all their fanouts during netlist optimizations.
Info (16010): Generating hard_block partition "hard_block:auto_generated_inst"
    Info (16011): Adding 0 node(s), including 0 DDIO, 0 PLL, 0 transceiver and 0 LCELL
Warning (21074): Design contains 8 input pin(s) that do not drive logic
    Warning (15610): No output dependent on input pin "data_rd[0]"
    Warning (15610): No output dependent on input pin "data_rd[1]"
    Warning (15610): No output dependent on input pin "data_rd[2]"
    Warning (15610): No output dependent on input pin "data_rd[3]"
    Warning (15610): No output dependent on input pin "data_rd[4]"
    Warning (15610): No output dependent on input pin "data_rd[5]"
    Warning (15610): No output dependent on input pin "data_rd[6]"
    Warning (15610): No output dependent on input pin "data_rd[7]"
Info (21057): Implemented 2857 device resources after synthesis - the final resource count might be different
    Info (21058): Implemented 18 input pins
    Info (21059): Implemented 21 output pins
    Info (21061): Implemented 2818 logic cells
Info: Quartus II 64-Bit Analysis & Synthesis was successful. 0 errors, 45 warnings
    Info: Peak virtual memory: 4680 megabytes
    Info: Processing ended: Fri May 13 21:31:41 2022
    Info: Elapsed time: 00:00:05
    Info: Total CPU time (on all processors): 00:00:05


