Analysis & Synthesis report for LZ77_Encoder
Fri Apr 29 00:25:02 2022
Quartus II 64-Bit Version 13.0.1 Build 232 06/12/2013 Service Pack 1 SJ Web Edition


---------------------
; Table of Contents ;
---------------------
  1. Legal Notice
  2. Analysis & Synthesis Summary
  3. Analysis & Synthesis Settings
  4. Parallel Compilation
  5. Analysis & Synthesis Source Files Read
  6. Analysis & Synthesis Resource Usage Summary
  7. Analysis & Synthesis Resource Utilization by Entity
  8. Analysis & Synthesis RAM Summary
  9. State Machine - |LZ77_Encoder|curt_state
 10. User-Specified and Inferred Latches
 11. Registers Removed During Synthesis
 12. General Register Statistics
 13. Inverted Register Statistics
 14. Registers Packed Into Inferred Megafunctions
 15. Multiplexer Restructuring Statistics (Restructuring Performed)
 16. Source assignments for altshift_taps:input_sequence_rtl_0|shift_taps_e4n:auto_generated|altsyncram_67b1:altsyncram2
 17. Parameter Settings for User Entity Instance: Top-level Entity: |LZ77_Encoder
 18. Parameter Settings for Inferred Entity Instance: altshift_taps:input_sequence_rtl_0
 19. altshift_taps Parameter Settings by Entity Instance
 20. Elapsed Time Per Partition
 21. Analysis & Synthesis Messages



----------------
; Legal Notice ;
----------------
Copyright (C) 1991-2013 Altera Corporation
Your use of Altera Corporation's design tools, logic functions 
and other software and tools, and its AMPP partner logic 
functions, and any output files from any of the foregoing 
(including device programming or simulation files), and any 
associated documentation or information are expressly subject 
to the terms and conditions of the Altera Program License 
Subscription Agreement, Altera MegaCore Function License 
Agreement, or other applicable license agreement, including, 
without limitation, that your use is for the sole purpose of 
programming logic devices manufactured by Altera and sold by 
Altera or its authorized distributors.  Please refer to the 
applicable agreement for further details.



+--------------------------------------------------------------------------------------+
; Analysis & Synthesis Summary                                                         ;
+------------------------------------+-------------------------------------------------+
; Analysis & Synthesis Status        ; Successful - Fri Apr 29 00:25:02 2022           ;
; Quartus II 64-Bit Version          ; 13.0.1 Build 232 06/12/2013 SP 1 SJ Web Edition ;
; Revision Name                      ; LZ77_Encoder                                    ;
; Top-level Entity Name              ; LZ77_Encoder                                    ;
; Family                             ; Cyclone II                                      ;
; Total logic elements               ; 587                                             ;
;     Total combinational functions  ; 458                                             ;
;     Dedicated logic registers      ; 223                                             ;
; Total registers                    ; 223                                             ;
; Total pins                         ; 28                                              ;
; Total virtual pins                 ; 0                                               ;
; Total memory bits                  ; 16,384                                          ;
; Embedded Multiplier 9-bit elements ; 0                                               ;
; Total PLLs                         ; 0                                               ;
+------------------------------------+-------------------------------------------------+


+----------------------------------------------------------------------------------------------------------------------+
; Analysis & Synthesis Settings                                                                                        ;
+----------------------------------------------------------------------------+--------------------+--------------------+
; Option                                                                     ; Setting            ; Default Value      ;
+----------------------------------------------------------------------------+--------------------+--------------------+
; Device                                                                     ; EP2C70F896C8       ;                    ;
; Top-level entity name                                                      ; LZ77_Encoder       ; LZ77_Encoder       ;
; Family name                                                                ; Cyclone II         ; Cyclone IV GX      ;
; Use smart compilation                                                      ; Off                ; Off                ;
; Enable parallel Assembler and TimeQuest Timing Analyzer during compilation ; On                 ; On                 ;
; Enable compact report table                                                ; Off                ; Off                ;
; Restructure Multiplexers                                                   ; Auto               ; Auto               ;
; Create Debugging Nodes for IP Cores                                        ; Off                ; Off                ;
; Preserve fewer node names                                                  ; On                 ; On                 ;
; Disable OpenCore Plus hardware evaluation                                  ; Off                ; Off                ;
; Verilog Version                                                            ; Verilog_2001       ; Verilog_2001       ;
; VHDL Version                                                               ; VHDL_1993          ; VHDL_1993          ;
; State Machine Processing                                                   ; Auto               ; Auto               ;
; Safe State Machine                                                         ; Off                ; Off                ;
; Extract Verilog State Machines                                             ; On                 ; On                 ;
; Extract VHDL State Machines                                                ; On                 ; On                 ;
; Ignore Verilog initial constructs                                          ; Off                ; Off                ;
; Iteration limit for constant Verilog loops                                 ; 5000               ; 5000               ;
; Iteration limit for non-constant Verilog loops                             ; 250                ; 250                ;
; Add Pass-Through Logic to Inferred RAMs                                    ; On                 ; On                 ;
; Infer RAMs from Raw Logic                                                  ; On                 ; On                 ;
; Parallel Synthesis                                                         ; On                 ; On                 ;
; DSP Block Balancing                                                        ; Auto               ; Auto               ;
; NOT Gate Push-Back                                                         ; On                 ; On                 ;
; Power-Up Don't Care                                                        ; On                 ; On                 ;
; Remove Redundant Logic Cells                                               ; Off                ; Off                ;
; Remove Duplicate Registers                                                 ; On                 ; On                 ;
; Ignore CARRY Buffers                                                       ; Off                ; Off                ;
; Ignore CASCADE Buffers                                                     ; Off                ; Off                ;
; Ignore GLOBAL Buffers                                                      ; Off                ; Off                ;
; Ignore ROW GLOBAL Buffers                                                  ; Off                ; Off                ;
; Ignore LCELL Buffers                                                       ; Off                ; Off                ;
; Ignore SOFT Buffers                                                        ; On                 ; On                 ;
; Limit AHDL Integers to 32 Bits                                             ; Off                ; Off                ;
; Optimization Technique                                                     ; Balanced           ; Balanced           ;
; Carry Chain Length                                                         ; 70                 ; 70                 ;
; Auto Carry Chains                                                          ; On                 ; On                 ;
; Auto Open-Drain Pins                                                       ; On                 ; On                 ;
; Perform WYSIWYG Primitive Resynthesis                                      ; Off                ; Off                ;
; Auto ROM Replacement                                                       ; On                 ; On                 ;
; Auto RAM Replacement                                                       ; On                 ; On                 ;
; Auto Shift Register Replacement                                            ; Auto               ; Auto               ;
; Allow Shift Register Merging across Hierarchies                            ; Auto               ; Auto               ;
; Auto Clock Enable Replacement                                              ; On                 ; On                 ;
; Strict RAM Replacement                                                     ; Off                ; Off                ;
; Allow Synchronous Control Signals                                          ; On                 ; On                 ;
; Force Use of Synchronous Clear Signals                                     ; Off                ; Off                ;
; Auto RAM to Logic Cell Conversion                                          ; Off                ; Off                ;
; Auto Resource Sharing                                                      ; Off                ; Off                ;
; Allow Any RAM Size For Recognition                                         ; Off                ; Off                ;
; Allow Any ROM Size For Recognition                                         ; Off                ; Off                ;
; Allow Any Shift Register Size For Recognition                              ; Off                ; Off                ;
; Use LogicLock Constraints during Resource Balancing                        ; On                 ; On                 ;
; Ignore translate_off and synthesis_off directives                          ; Off                ; Off                ;
; Timing-Driven Synthesis                                                    ; Off                ; Off                ;
; Report Parameter Settings                                                  ; On                 ; On                 ;
; Report Source Assignments                                                  ; On                 ; On                 ;
; Report Connectivity Checks                                                 ; On                 ; On                 ;
; Ignore Maximum Fan-Out Assignments                                         ; Off                ; Off                ;
; Synchronization Register Chain Length                                      ; 2                  ; 2                  ;
; PowerPlay Power Optimization                                               ; Normal compilation ; Normal compilation ;
; HDL message level                                                          ; Level2             ; Level2             ;
; Suppress Register Optimization Related Messages                            ; Off                ; Off                ;
; Number of Removed Registers Reported in Synthesis Report                   ; 5000               ; 5000               ;
; Number of Swept Nodes Reported in Synthesis Report                         ; 5000               ; 5000               ;
; Number of Inverted Registers Reported in Synthesis Report                  ; 100                ; 100                ;
; Clock MUX Protection                                                       ; On                 ; On                 ;
; Auto Gated Clock Conversion                                                ; Off                ; Off                ;
; Block Design Naming                                                        ; Auto               ; Auto               ;
; SDC constraint protection                                                  ; Off                ; Off                ;
; Synthesis Effort                                                           ; Auto               ; Auto               ;
; Shift Register Replacement - Allow Asynchronous Clear Signal               ; On                 ; On                 ;
; Pre-Mapping Resynthesis Optimization                                       ; Off                ; Off                ;
; Analysis & Synthesis Message Level                                         ; Medium             ; Medium             ;
; Disable Register Merging Across Hierarchies                                ; Auto               ; Auto               ;
; Resource Aware Inference For Block RAM                                     ; On                 ; On                 ;
; Synthesis Seed                                                             ; 1                  ; 1                  ;
+----------------------------------------------------------------------------+--------------------+--------------------+


Parallel compilation was disabled, but you have multiple processors available. Enable parallel compilation to reduce compilation time.
+-------------------------------------+
; Parallel Compilation                ;
+----------------------------+--------+
; Processors                 ; Number ;
+----------------------------+--------+
; Number detected on machine ; 16     ;
; Maximum allowed            ; 1      ;
+----------------------------+--------+


+-------------------------------------------------------------------------------------------------------------------------------------------------------------------------------------------------+
; Analysis & Synthesis Source Files Read                                                                                                                                                          ;
+----------------------------------+-----------------+------------------------------+---------------------------------------------------------------------------------------------------+---------+
; File Name with User-Entered Path ; Used in Netlist ; File Type                    ; File Name with Absolute Path                                                                      ; Library ;
+----------------------------------+-----------------+------------------------------+---------------------------------------------------------------------------------------------------+---------+
; LZ77_Encoder.v                   ; yes             ; User Verilog HDL File        ; D:/Downloads/graduate school/Course/first_grade_down/IC/Labs/Lab3/HW3/file/LZ77_Encoder.v         ;         ;
; altshift_taps.tdf                ; yes             ; Megafunction                 ; d:/altera/13.0sp1/quartus/libraries/megafunctions/altshift_taps.tdf                               ;         ;
; altdpram.inc                     ; yes             ; Megafunction                 ; d:/altera/13.0sp1/quartus/libraries/megafunctions/altdpram.inc                                    ;         ;
; lpm_counter.inc                  ; yes             ; Megafunction                 ; d:/altera/13.0sp1/quartus/libraries/megafunctions/lpm_counter.inc                                 ;         ;
; lpm_compare.inc                  ; yes             ; Megafunction                 ; d:/altera/13.0sp1/quartus/libraries/megafunctions/lpm_compare.inc                                 ;         ;
; lpm_constant.inc                 ; yes             ; Megafunction                 ; d:/altera/13.0sp1/quartus/libraries/megafunctions/lpm_constant.inc                                ;         ;
; db/shift_taps_e4n.tdf            ; yes             ; Auto-Generated Megafunction  ; D:/Downloads/graduate school/Course/first_grade_down/IC/Labs/Lab3/HW3/file/db/shift_taps_e4n.tdf  ;         ;
; db/altsyncram_67b1.tdf           ; yes             ; Auto-Generated Megafunction  ; D:/Downloads/graduate school/Course/first_grade_down/IC/Labs/Lab3/HW3/file/db/altsyncram_67b1.tdf ;         ;
; db/cntr_vqf.tdf                  ; yes             ; Auto-Generated Megafunction  ; D:/Downloads/graduate school/Course/first_grade_down/IC/Labs/Lab3/HW3/file/db/cntr_vqf.tdf        ;         ;
; db/cntr_mah.tdf                  ; yes             ; Auto-Generated Megafunction  ; D:/Downloads/graduate school/Course/first_grade_down/IC/Labs/Lab3/HW3/file/db/cntr_mah.tdf        ;         ;
+----------------------------------+-----------------+------------------------------+---------------------------------------------------------------------------------------------------+---------+


+-----------------------------------------------------+
; Analysis & Synthesis Resource Usage Summary         ;
+---------------------------------------------+-------+
; Resource                                    ; Usage ;
+---------------------------------------------+-------+
; Estimated Total logic elements              ; 587   ;
;                                             ;       ;
; Total combinational functions               ; 458   ;
; Logic element usage by number of LUT inputs ;       ;
;     -- 4 input functions                    ; 295   ;
;     -- 3 input functions                    ; 89    ;
;     -- <=2 input functions                  ; 74    ;
;                                             ;       ;
; Logic elements by mode                      ;       ;
;     -- normal mode                          ; 414   ;
;     -- arithmetic mode                      ; 44    ;
;                                             ;       ;
; Total registers                             ; 223   ;
;     -- Dedicated logic registers            ; 223   ;
;     -- I/O registers                        ; 0     ;
;                                             ;       ;
; I/O pins                                    ; 28    ;
; Total memory bits                           ; 16384 ;
; Embedded Multiplier 9-bit elements          ; 0     ;
; Maximum fan-out node                        ; clk   ;
; Maximum fan-out                             ; 231   ;
; Total fan-out                               ; 2492  ;
; Average fan-out                             ; 3.48  ;
+---------------------------------------------+-------+


+---------------------------------------------------------------------------------------------------------------------------------------------------------------------------------------------------------------------------------------------------------------------------------+
; Analysis & Synthesis Resource Utilization by Entity                                                                                                                                                                                                                             ;
+-----------------------------------------+-------------------+--------------+-------------+--------------+---------+-----------+------+--------------+------------------------------------------------------------------------------------------------------------+--------------+
; Compilation Hierarchy Node              ; LC Combinationals ; LC Registers ; Memory Bits ; DSP Elements ; DSP 9x9 ; DSP 18x18 ; Pins ; Virtual Pins ; Full Hierarchy Name                                                                                        ; Library Name ;
+-----------------------------------------+-------------------+--------------+-------------+--------------+---------+-----------+------+--------------+------------------------------------------------------------------------------------------------------------+--------------+
; |LZ77_Encoder                           ; 458 (433)         ; 223 (199)    ; 16384       ; 0            ; 0       ; 0         ; 28   ; 0            ; |LZ77_Encoder                                                                                              ; work         ;
;    |altshift_taps:input_sequence_rtl_0| ; 25 (0)            ; 24 (0)       ; 16384       ; 0            ; 0       ; 0         ; 0    ; 0            ; |LZ77_Encoder|altshift_taps:input_sequence_rtl_0                                                           ; work         ;
;       |shift_taps_e4n:auto_generated|   ; 25 (0)            ; 24 (1)       ; 16384       ; 0            ; 0       ; 0         ; 0    ; 0            ; |LZ77_Encoder|altshift_taps:input_sequence_rtl_0|shift_taps_e4n:auto_generated                             ; work         ;
;          |altsyncram_67b1:altsyncram2|  ; 0 (0)             ; 0 (0)        ; 16384       ; 0            ; 0       ; 0         ; 0    ; 0            ; |LZ77_Encoder|altshift_taps:input_sequence_rtl_0|shift_taps_e4n:auto_generated|altsyncram_67b1:altsyncram2 ; work         ;
;          |cntr_mah:cntr3|               ; 14 (14)           ; 12 (12)      ; 0           ; 0            ; 0       ; 0         ; 0    ; 0            ; |LZ77_Encoder|altshift_taps:input_sequence_rtl_0|shift_taps_e4n:auto_generated|cntr_mah:cntr3              ; work         ;
;          |cntr_vqf:cntr1|               ; 11 (11)           ; 11 (11)      ; 0           ; 0            ; 0       ; 0         ; 0    ; 0            ; |LZ77_Encoder|altshift_taps:input_sequence_rtl_0|shift_taps_e4n:auto_generated|cntr_vqf:cntr1              ; work         ;
+-----------------------------------------+-------------------+--------------+-------------+--------------+---------+-----------+------+--------------+------------------------------------------------------------------------------------------------------------+--------------+
Note: For table entries with two numbers listed, the numbers in parentheses indicate the number of resources of the given type used by the specific entity alone. The numbers listed outside of parentheses indicate the total resources of the given type used by the specific entity and all of its sub-entities in the hierarchy.


+--------------------------------------------------------------------------------------------------------------------------------------------------------------------------------------------------------------+
; Analysis & Synthesis RAM Summary                                                                                                                                                                             ;
+---------------------------------------------------------------------------------------------------------+------+------------------+--------------+--------------+--------------+--------------+-------+------+
; Name                                                                                                    ; Type ; Mode             ; Port A Depth ; Port A Width ; Port B Depth ; Port B Width ; Size  ; MIF  ;
+---------------------------------------------------------------------------------------------------------+------+------------------+--------------+--------------+--------------+--------------+-------+------+
; altshift_taps:input_sequence_rtl_0|shift_taps_e4n:auto_generated|altsyncram_67b1:altsyncram2|ALTSYNCRAM ; AUTO ; Simple Dual Port ; 2048         ; 8            ; 2048         ; 8            ; 16384 ; None ;
+---------------------------------------------------------------------------------------------------------+------+------------------+--------------+--------------+--------------+--------------+-------+------+


Encoding Type:  One-Hot
+---------------------------------------------------------------------------------------------------------------------+
; State Machine - |LZ77_Encoder|curt_state                                                                            ;
+------------------------+----------------------+------------------------+---------------------+----------------------+
; Name                   ; curt_state.finishing ; curt_state.output_data ; curt_state.caculate ; curt_state.read_data ;
+------------------------+----------------------+------------------------+---------------------+----------------------+
; curt_state.read_data   ; 0                    ; 0                      ; 0                   ; 0                    ;
; curt_state.caculate    ; 0                    ; 0                      ; 1                   ; 1                    ;
; curt_state.output_data ; 0                    ; 1                      ; 0                   ; 1                    ;
; curt_state.finishing   ; 1                    ; 0                      ; 0                   ; 1                    ;
+------------------------+----------------------+------------------------+---------------------+----------------------+


+----------------------------------------------------------------------------------------------------+
; User-Specified and Inferred Latches                                                                ;
+----------------------------------------------------+----------------------+------------------------+
; Latch Name                                         ; Latch Enable Signal  ; Free of Timing Hazards ;
+----------------------------------------------------+----------------------+------------------------+
; next_state.output_data_184164                      ; curt_state.finishing ; yes                    ;
; next_state.finishing_184156                        ; curt_state.finishing ; yes                    ;
; next_state.caculate_184172                         ; curt_state.finishing ; yes                    ;
; next_state.read_data_184180                        ; curt_state.finishing ; yes                    ;
; Number of user-specified and inferred latches = 4  ;                      ;                        ;
+----------------------------------------------------+----------------------+------------------------+
Note: All latches listed above may not be present at the end of synthesis due to various synthesis optimizations.


+------------------------------------------------------------+
; Registers Removed During Synthesis                         ;
+---------------------------------------+--------------------+
; Register name                         ; Reason for Removal ;
+---------------------------------------+--------------------+
; curt_state~4                          ; Lost fanout        ;
; curt_state~5                          ; Lost fanout        ;
; Total Number of Removed Registers = 2 ;                    ;
+---------------------------------------+--------------------+


+------------------------------------------------------+
; General Register Statistics                          ;
+----------------------------------------------+-------+
; Statistic                                    ; Value ;
+----------------------------------------------+-------+
; Total registers                              ; 223   ;
; Number of registers using Synchronous Clear  ; 0     ;
; Number of registers using Synchronous Load   ; 4     ;
; Number of registers using Asynchronous Clear ; 100   ;
; Number of registers using Asynchronous Load  ; 0     ;
; Number of registers using Clock Enable       ; 215   ;
; Number of registers using Preset             ; 0     ;
+----------------------------------------------+-------+


+----------------------------------------------------------------------------------+
; Inverted Register Statistics                                                     ;
+------------------------------------------------------------------------+---------+
; Inverted Register                                                      ; Fan out ;
+------------------------------------------------------------------------+---------+
; altshift_taps:input_sequence_rtl_0|shift_taps_e4n:auto_generated|dffe4 ; 8       ;
; Total number of inverted registers = 1                                 ;         ;
+------------------------------------------------------------------------+---------+


+--------------------------------------------------------------+
; Registers Packed Into Inferred Megafunctions                 ;
+--------------------------+----------------------+------------+
; Register Name            ; Megafunction         ; Type       ;
+--------------------------+----------------------+------------+
; look_ahead_buffer[0..7]  ; input_sequence_rtl_0 ; SHIFT_TAPS ;
; input_sequence[0..16391] ; input_sequence_rtl_0 ; SHIFT_TAPS ;
+--------------------------+----------------------+------------+


+----------------------------------------------------------------------------------------------------------------------------------------------+
; Multiplexer Restructuring Statistics (Restructuring Performed)                                                                               ;
+--------------------+-----------+---------------+----------------------+------------------------+------------+--------------------------------+
; Multiplexer Inputs ; Bus Width ; Baseline Area ; Area if Restructured ; Saving if Restructured ; Registered ; Example Multiplexer Output     ;
+--------------------+-----------+---------------+----------------------+------------------------+------------+--------------------------------+
; 4:1                ; 7 bits    ; 14 LEs        ; 7 LEs                ; 7 LEs                  ; Yes        ; |LZ77_Encoder|offset[0]~reg0   ;
; 4:1                ; 8 bits    ; 16 LEs        ; 8 LEs                ; 8 LEs                  ; Yes        ; |LZ77_Encoder|char_nxt[0]~reg0 ;
; 4:1                ; 4 bits    ; 8 LEs         ; 4 LEs                ; 4 LEs                  ; Yes        ; |LZ77_Encoder|look_index[2]    ;
; 3:1                ; 8 bits    ; 16 LEs        ; 8 LEs                ; 8 LEs                  ; No         ; |LZ77_Encoder|Mux13            ;
; 3:1                ; 8 bits    ; 16 LEs        ; 8 LEs                ; 8 LEs                  ; No         ; |LZ77_Encoder|input_sequence   ;
; 4:1                ; 16 bits   ; 32 LEs        ; 32 LEs               ; 0 LEs                  ; No         ; |LZ77_Encoder|Mux11            ;
; 5:1                ; 5 bits    ; 15 LEs        ; 10 LEs               ; 5 LEs                  ; No         ; |LZ77_Encoder|j                ;
; 5:1                ; 7 bits    ; 21 LEs        ; 14 LEs               ; 7 LEs                  ; No         ; |LZ77_Encoder|tmp_match_len    ;
; 5:1                ; 5 bits    ; 15 LEs        ; 5 LEs                ; 10 LEs                 ; No         ; |LZ77_Encoder|i                ;
; 32:1               ; 8 bits    ; 168 LEs       ; 96 LEs               ; 72 LEs                 ; No         ; |LZ77_Encoder|Mux0             ;
; 5:1                ; 15 bits   ; 45 LEs        ; 15 LEs               ; 30 LEs                 ; No         ; |LZ77_Encoder|final_offset     ;
; 11:1               ; 8 bits    ; 56 LEs        ; 48 LEs               ; 8 LEs                  ; No         ; |LZ77_Encoder|Mux8             ;
; 17:1               ; 8 bits    ; 88 LEs        ; 64 LEs               ; 24 LEs                 ; No         ; |LZ77_Encoder|tmp_char_nxt     ;
+--------------------+-----------+---------------+----------------------+------------------------+------------+--------------------------------+


+---------------------------------------------------------------------------------------------------------------------+
; Source assignments for altshift_taps:input_sequence_rtl_0|shift_taps_e4n:auto_generated|altsyncram_67b1:altsyncram2 ;
+---------------------------------+--------------------+------+-------------------------------------------------------+
; Assignment                      ; Value              ; From ; To                                                    ;
+---------------------------------+--------------------+------+-------------------------------------------------------+
; OPTIMIZE_POWER_DURING_SYNTHESIS ; NORMAL_COMPILATION ; -    ; -                                                     ;
+---------------------------------+--------------------+------+-------------------------------------------------------+


+------------------------------------------------------------------------------+
; Parameter Settings for User Entity Instance: Top-level Entity: |LZ77_Encoder ;
+----------------+-------+-----------------------------------------------------+
; Parameter Name ; Value ; Type                                                ;
+----------------+-------+-----------------------------------------------------+
; read_data      ; 00    ; Unsigned Binary                                     ;
; caculate       ; 01    ; Unsigned Binary                                     ;
; output_data    ; 10    ; Unsigned Binary                                     ;
; finishing      ; 11    ; Unsigned Binary                                     ;
+----------------+-------+-----------------------------------------------------+
Note: In order to hide this table in the UI and the text report file, please set the "Show Parameter Settings in Synthesis Report" option in "Analysis and Synthesis Settings -> More Settings" to "Off".


+-------------------------------------------------------------------------------------+
; Parameter Settings for Inferred Entity Instance: altshift_taps:input_sequence_rtl_0 ;
+----------------+----------------+---------------------------------------------------+
; Parameter Name ; Value          ; Type                                              ;
+----------------+----------------+---------------------------------------------------+
; WIDTH_BYTEENA  ; 1              ; Untyped                                           ;
; NUMBER_OF_TAPS ; 1              ; Untyped                                           ;
; TAP_DISTANCE   ; 2050           ; Untyped                                           ;
; WIDTH          ; 8              ; Untyped                                           ;
; POWER_UP_STATE ; CLEARED        ; Untyped                                           ;
; CBXI_PARAMETER ; shift_taps_e4n ; Untyped                                           ;
+----------------+----------------+---------------------------------------------------+
Note: In order to hide this table in the UI and the text report file, please set the "Show Parameter Settings in Synthesis Report" option in "Analysis and Synthesis Settings -> More Settings" to "Off".


+-----------------------------------------------------------------+
; altshift_taps Parameter Settings by Entity Instance             ;
+----------------------------+------------------------------------+
; Name                       ; Value                              ;
+----------------------------+------------------------------------+
; Number of entity instances ; 1                                  ;
; Entity Instance            ; altshift_taps:input_sequence_rtl_0 ;
;     -- NUMBER_OF_TAPS      ; 1                                  ;
;     -- TAP_DISTANCE        ; 2050                               ;
;     -- WIDTH               ; 8                                  ;
+----------------------------+------------------------------------+


+-------------------------------+
; Elapsed Time Per Partition    ;
+----------------+--------------+
; Partition Name ; Elapsed Time ;
+----------------+--------------+
; Top            ; 00:00:01     ;
+----------------+--------------+


+-------------------------------+
; Analysis & Synthesis Messages ;
+-------------------------------+
Info: *******************************************************************
Info: Running Quartus II 64-Bit Analysis & Synthesis
    Info: Version 13.0.1 Build 232 06/12/2013 Service Pack 1 SJ Web Edition
    Info: Processing started: Fri Apr 29 00:24:58 2022
Info: Command: quartus_map --read_settings_files=on --write_settings_files=off LZ77_Encoder -c LZ77_Encoder
Warning (20028): Parallel compilation is not licensed and has been disabled
Info (12021): Found 1 design units, including 1 entities, in source file lz77_encoder.v
    Info (12023): Found entity 1: LZ77_Encoder
Info (12127): Elaborating entity "LZ77_Encoder" for the top level hierarchy
Warning (10270): Verilog HDL Case Statement warning at LZ77_Encoder.v(48): incomplete case statement has no default case item
Info (10264): Verilog HDL Case Statement information at LZ77_Encoder.v(48): all case item expressions in this case statement are onehot
Warning (10240): Verilog HDL Always Construct warning at LZ77_Encoder.v(48): inferring latch(es) for variable "next_state", which holds its previous value in one or more paths through the always construct
Warning (10230): Verilog HDL assignment warning at LZ77_Encoder.v(109): truncated value with size 32 to match size of target (4)
Warning (10230): Verilog HDL assignment warning at LZ77_Encoder.v(125): truncated value with size 32 to match size of target (3)
Warning (10230): Verilog HDL assignment warning at LZ77_Encoder.v(126): truncated value with size 5 to match size of target (4)
Warning (10230): Verilog HDL assignment warning at LZ77_Encoder.v(128): truncated value with size 32 to match size of target (5)
Warning (10230): Verilog HDL assignment warning at LZ77_Encoder.v(136): truncated value with size 32 to match size of target (5)
Warning (10230): Verilog HDL assignment warning at LZ77_Encoder.v(149): truncated value with size 32 to match size of target (5)
Warning (10230): Verilog HDL assignment warning at LZ77_Encoder.v(172): truncated value with size 32 to match size of target (4)
Warning (10230): Verilog HDL assignment warning at LZ77_Encoder.v(173): truncated value with size 32 to match size of target (4)
Warning (10240): Verilog HDL Always Construct warning at LZ77_Encoder.v(58): inferring latch(es) for variable "encode", which holds its previous value in one or more paths through the always construct
Info (10041): Inferred latch for "encode" at LZ77_Encoder.v(58)
Info (10041): Inferred latch for "next_state.finishing" at LZ77_Encoder.v(48)
Info (10041): Inferred latch for "next_state.output_data" at LZ77_Encoder.v(48)
Info (10041): Inferred latch for "next_state.caculate" at LZ77_Encoder.v(48)
Info (10041): Inferred latch for "next_state.read_data" at LZ77_Encoder.v(48)
Info (19000): Inferred 1 megafunctions from design logic
    Info (276034): Inferred altshift_taps megafunction from the following design logic: "input_sequence_rtl_0"
        Info (286033): Parameter NUMBER_OF_TAPS set to 1
        Info (286033): Parameter TAP_DISTANCE set to 2050
        Info (286033): Parameter WIDTH set to 8
Info (12130): Elaborated megafunction instantiation "altshift_taps:input_sequence_rtl_0"
Info (12133): Instantiated megafunction "altshift_taps:input_sequence_rtl_0" with the following parameter:
    Info (12134): Parameter "NUMBER_OF_TAPS" = "1"
    Info (12134): Parameter "TAP_DISTANCE" = "2050"
    Info (12134): Parameter "WIDTH" = "8"
Info (12021): Found 1 design units, including 1 entities, in source file db/shift_taps_e4n.tdf
    Info (12023): Found entity 1: shift_taps_e4n
Info (12021): Found 1 design units, including 1 entities, in source file db/altsyncram_67b1.tdf
    Info (12023): Found entity 1: altsyncram_67b1
Info (12021): Found 1 design units, including 1 entities, in source file db/cntr_vqf.tdf
    Info (12023): Found entity 1: cntr_vqf
Info (12021): Found 1 design units, including 1 entities, in source file db/cntr_mah.tdf
    Info (12023): Found entity 1: cntr_mah
Info (13000): Registers with preset signals will power-up high
Info (13003): DEV_CLRn pin will set, and not reset, register with preset signal due to NOT Gate Push-Back
Warning (13024): Output pins are stuck at VCC or GND
    Warning (13410): Pin "encode" is stuck at VCC
Info (17049): 2 registers lost all their fanouts during netlist optimizations.
Info (16010): Generating hard_block partition "hard_block:auto_generated_inst"
    Info (16011): Adding 0 node(s), including 0 DDIO, 0 PLL, 0 transceiver and 0 LCELL
Info (21057): Implemented 627 device resources after synthesis - the final resource count might be different
    Info (21058): Implemented 10 input pins
    Info (21059): Implemented 18 output pins
    Info (21061): Implemented 591 logic cells
    Info (21064): Implemented 8 RAM segments
Info: Quartus II 64-Bit Analysis & Synthesis was successful. 0 errors, 14 warnings
    Info: Peak virtual memory: 4677 megabytes
    Info: Processing ended: Fri Apr 29 00:25:02 2022
    Info: Elapsed time: 00:00:04
    Info: Total CPU time (on all processors): 00:00:04


